#-----------------------------------------------------------
# Vivado v2019.2 (64-bit)
# SW Build 2708876 on Wed Nov  6 21:40:23 MST 2019
# IP Build 2700528 on Thu Nov  7 00:09:20 MST 2019
# Start of session at: Thu Sep  1 20:13:58 2022
# Process ID: 81104
# Current directory: D:/code/vivado/senior_curriculum/Composition-principle-and-assembly-Team/Composition-principle-and-assembly-Team/teach_soc
# Command line: vivado.exe -gui_launcher_event rodinguilauncherevent80436 D:\code\vivado\senior_curriculum\Composition-principle-and-assembly-Team\Composition-principle-and-assembly-Team\teach_soc\teach_soc.xpr
# Log file: D:/code/vivado/senior_curriculum/Composition-principle-and-assembly-Team/Composition-principle-and-assembly-Team/teach_soc/vivado.log
# Journal file: D:/code/vivado/senior_curriculum/Composition-principle-and-assembly-Team/Composition-principle-and-assembly-Team/teach_soc\vivado.jou
#-----------------------------------------------------------
start_gui
open_project D:/code/vivado/senior_curriculum/Composition-principle-and-assembly-Team/Composition-principle-and-assembly-Team/teach_soc/teach_soc.xpr
INFO: [ProjectBase 1-489] The host OS only allows 260 characters in a normal path. The project is stored in a path with more than 80 characters. If you experience issues with IP, Block Designs, or files not being found, please consider moving the project to a location with a shorter path. Alternately consider using the OS subst command to map part of the path to a drive letter.
Current project path is 'D:/code/vivado/senior_curriculum/Composition-principle-and-assembly-Team/Composition-principle-and-assembly-Team/teach_soc'
Scanning sources...
Finished scanning sources
INFO: [IP_Flow 19-234] Refreshing IP repositories
INFO: [IP_Flow 19-1704] No user IP repositories specified
INFO: [IP_Flow 19-2313] Loaded Vivado IP repository 'E:/Software/XILINX/Vivado/2019.2/data/ip'.
open_project: Time (s): cpu = 00:00:12 ; elapsed = 00:00:06 . Memory (MB): peak = 978.602 ; gain = 270.145
exit
INFO: [Common 17-206] Exiting Vivado at Thu Sep  1 20:14:19 2022...
