#-----------------------------------------------------------
# Vivado v2019.2 (64-bit)
# SW Build 2708876 on Wed Nov  6 21:40:23 MST 2019
# IP Build 2700528 on Thu Nov  7 00:09:20 MST 2019
# Start of session at: Sat Sep  3 13:57:36 2022
# Process ID: 4296
# Current directory: D:/Codes/Hardware_experiments/Composition-principle-and-assembly-Team/teach_soc
# Command line: vivado.exe -gui_launcher_event rodinguilauncherevent15080 D:\Codes\Hardware_experiments\Composition-principle-and-assembly-Team\teach_soc\teach_soc.xpr
# Log file: D:/Codes/Hardware_experiments/Composition-principle-and-assembly-Team/teach_soc/vivado.log
# Journal file: D:/Codes/Hardware_experiments/Composition-principle-and-assembly-Team/teach_soc\vivado.jou
#-----------------------------------------------------------
start_gui
open_project D:/Codes/Hardware_experiments/Composition-principle-and-assembly-Team/teach_soc/teach_soc.xpr
INFO: [Project 1-313] Project file moved from 'D:/code/vivado/senior_curriculum/Composition-principle-and-assembly-Team/Composition-principle-and-assembly-Team/teach_soc' since last save.
Scanning sources...
Finished scanning sources
INFO: [IP_Flow 19-234] Refreshing IP repositories
INFO: [IP_Flow 19-1704] No user IP repositories specified
INFO: [IP_Flow 19-2313] Loaded Vivado IP repository 'D:/Program_Files/Xilinx/Vivado/2019.2/data/ip'.
open_project: Time (s): cpu = 00:00:19 ; elapsed = 00:00:09 . Memory (MB): peak = 978.340 ; gain = 265.977
update_compile_order -fileset sources_1
exit
INFO: [Common 17-206] Exiting Vivado at Sat Sep  3 14:24:50 2022...
