INFO: [VRFC 10-2263] Analyzing Verilog file "D:/Codes/Hardware_experiments/Personal_Project/CO/single_cycle/single_cycle.srcs/sources_1/new/ip/data_ram/sim/data_ram.v" into library xil_defaultlib
INFO: [VRFC 10-311] analyzing module data_ram
INFO: [VRFC 10-2263] Analyzing Verilog file "D:/Codes/Hardware_experiments/Personal_Project/CO/single_cycle/single_cycle.srcs/sources_1/new/ip/inst_rom/sim/inst_rom.v" into library xil_defaultlib
INFO: [VRFC 10-311] analyzing module inst_rom
INFO: [VRFC 10-2263] Analyzing Verilog file "D:/Codes/Hardware_experiments/Personal_Project/CO/single_cycle/single_cycle.srcs/sources_1/new/alu.v" into library xil_defaultlib
INFO: [VRFC 10-311] analyzing module alu
INFO: [VRFC 10-2263] Analyzing Verilog file "D:/Codes/Hardware_experiments/Personal_Project/CO/single_cycle/single_cycle.srcs/sources_1/new/confreg/confreg.v" into library xil_defaultlib
INFO: [VRFC 10-311] analyzing module confreg
INFO: [VRFC 10-2263] Analyzing Verilog file "D:/Codes/Hardware_experiments/Personal_Project/CO/single_cycle/single_cycle.srcs/sources_1/new/control.v" into library xil_defaultlib
INFO: [VRFC 10-311] analyzing module control
INFO: [VRFC 10-2263] Analyzing Verilog file "D:/Codes/Hardware_experiments/Personal_Project/CO/single_cycle/single_cycle.srcs/sources_1/new/cpu.v" into library xil_defaultlib
INFO: [VRFC 10-311] analyzing module cpu
INFO: [VRFC 10-2263] Analyzing Verilog file "D:/Codes/Hardware_experiments/Personal_Project/CO/single_cycle/single_cycle.srcs/sources_1/new/pc.v" into library xil_defaultlib
INFO: [VRFC 10-311] analyzing module pc
INFO: [VRFC 10-2263] Analyzing Verilog file "D:/Codes/Hardware_experiments/Personal_Project/CO/single_cycle/single_cycle.srcs/sources_1/new/regfile.v" into library xil_defaultlib
INFO: [VRFC 10-311] analyzing module regfile
INFO: [VRFC 10-2263] Analyzing Verilog file "D:/Codes/Hardware_experiments/Personal_Project/CO/single_cycle/single_cycle.srcs/sources_1/new/single_cycle.v" into library xil_defaultlib
INFO: [VRFC 10-311] analyzing module single_cycle
INFO: [VRFC 10-2263] Analyzing Verilog file "D:/Codes/Hardware_experiments/Personal_Project/CO/single_cycle/single_cycle.srcs/sim_1/new/testbench.v" into library xil_defaultlib
INFO: [VRFC 10-311] analyzing module testbench
